2018-11-30 10:34:07,141 - Log4JLogChute initialized using file 'velocity.log'
2018-11-30 10:34:07,142 - Initializing Velocity, Calling init()...
2018-11-30 10:34:07,142 - Starting Apache Velocity v1.7 (compiled: 2010-11-19 12:14:37)
2018-11-30 10:34:07,142 - Default Properties File: org\apache\velocity\runtime\defaults\velocity.properties
2018-11-30 10:34:07,142 - Trying to use logger class org.apache.velocity.runtime.log.AvalonLogChute
2018-11-30 10:34:07,142 - Target log system for org.apache.velocity.runtime.log.AvalonLogChute is not available (java.lang.NoClassDefFoundError: org/apache/log/format/Formatter).  Falling back to next log system...
2018-11-30 10:34:07,142 - Trying to use logger class org.apache.velocity.runtime.log.Log4JLogChute
2018-11-30 10:34:07,142 - Using logger class org.apache.velocity.runtime.log.Log4JLogChute
2018-11-30 10:34:07,145 - ResourceLoader instantiated: org.apache.velocity.runtime.resource.loader.ClasspathResourceLoader
2018-11-30 10:34:07,161 - ResourceCache: initialized (class org.apache.velocity.runtime.resource.ResourceCacheImpl) with class java.util.Collections$SynchronizedMap cache map.
2018-11-30 10:34:07,163 - Loaded System Directive: org.apache.velocity.runtime.directive.Stop
2018-11-30 10:34:07,164 - Loaded System Directive: org.apache.velocity.runtime.directive.Define
2018-11-30 10:34:07,165 - Loaded System Directive: org.apache.velocity.runtime.directive.Break
2018-11-30 10:34:07,166 - Loaded System Directive: org.apache.velocity.runtime.directive.Evaluate
2018-11-30 10:34:07,166 - Loaded System Directive: org.apache.velocity.runtime.directive.Literal
2018-11-30 10:34:07,167 - Loaded System Directive: org.apache.velocity.runtime.directive.Macro
2018-11-30 10:34:07,168 - Loaded System Directive: org.apache.velocity.runtime.directive.Parse
2018-11-30 10:34:07,169 - Loaded System Directive: org.apache.velocity.runtime.directive.Include
2018-11-30 10:34:07,170 - Loaded System Directive: org.apache.velocity.runtime.directive.Foreach
2018-11-30 10:34:07,195 - Created '20' parsers.
2018-11-30 10:34:07,202 - Velocimacro : "velocimacro.library" is not set.  Trying default library: VM_global_library.vm
2018-11-30 10:34:07,203 - Could not load resource 'VM_global_library.vm' from ResourceLoader org.apache.velocity.runtime.resource.loader.ClasspathResourceLoader: ClasspathResourceLoader Error: cannot find resource VM_global_library.vm
2018-11-30 10:34:07,203 - Velocimacro : Default library not found.
2018-11-30 10:34:07,203 - Velocimacro : allowInline = true : VMs can be defined inline in templates
2018-11-30 10:34:07,203 - Velocimacro : allowInlineToOverride = false : VMs defined inline may NOT replace previous VM definitions
2018-11-30 10:34:07,203 - Velocimacro : allowInlineLocal = false : VMs defined inline will be global in scope if allowed.
2018-11-30 10:34:07,203 - Velocimacro : autoload off : VM system will not automatically reload global library macros
2018-11-30 10:34:07,277 - ResourceManager : found /templates/entity.java.vm with loader org.apache.velocity.runtime.resource.loader.ClasspathResourceLoader
2018-11-30 10:34:07,324 - ResourceManager : found /templates/mapper.java.vm with loader org.apache.velocity.runtime.resource.loader.ClasspathResourceLoader
2018-11-30 10:34:07,342 - ResourceManager : found /templates/mapper.xml.vm with loader org.apache.velocity.runtime.resource.loader.ClasspathResourceLoader
2018-11-30 10:34:07,354 - ResourceManager : found /templates/service.java.vm with loader org.apache.velocity.runtime.resource.loader.ClasspathResourceLoader
2018-11-30 10:34:07,373 - ResourceManager : found /templates/serviceImpl.java.vm with loader org.apache.velocity.runtime.resource.loader.ClasspathResourceLoader
2018-11-30 10:34:07,387 - ResourceManager : found /templates/controller.java.vm with loader org.apache.velocity.runtime.resource.loader.ClasspathResourceLoader
2018-11-30 11:01:24,505 - Log4JLogChute initialized using file 'velocity.log'
2018-11-30 11:01:24,506 - Initializing Velocity, Calling init()...
2018-11-30 11:01:24,506 - Starting Apache Velocity v1.7 (compiled: 2010-11-19 12:14:37)
2018-11-30 11:01:24,506 - Default Properties File: org\apache\velocity\runtime\defaults\velocity.properties
2018-11-30 11:01:24,506 - Trying to use logger class org.apache.velocity.runtime.log.AvalonLogChute
2018-11-30 11:01:24,506 - Target log system for org.apache.velocity.runtime.log.AvalonLogChute is not available (java.lang.NoClassDefFoundError: org/apache/log/format/Formatter).  Falling back to next log system...
2018-11-30 11:01:24,506 - Trying to use logger class org.apache.velocity.runtime.log.Log4JLogChute
2018-11-30 11:01:24,506 - Using logger class org.apache.velocity.runtime.log.Log4JLogChute
2018-11-30 11:01:24,508 - ResourceLoader instantiated: org.apache.velocity.runtime.resource.loader.ClasspathResourceLoader
2018-11-30 11:01:24,518 - ResourceCache: initialized (class org.apache.velocity.runtime.resource.ResourceCacheImpl) with class java.util.Collections$SynchronizedMap cache map.
2018-11-30 11:01:24,519 - Loaded System Directive: org.apache.velocity.runtime.directive.Stop
2018-11-30 11:01:24,520 - Loaded System Directive: org.apache.velocity.runtime.directive.Define
2018-11-30 11:01:24,520 - Loaded System Directive: org.apache.velocity.runtime.directive.Break
2018-11-30 11:01:24,521 - Loaded System Directive: org.apache.velocity.runtime.directive.Evaluate
2018-11-30 11:01:24,521 - Loaded System Directive: org.apache.velocity.runtime.directive.Literal
2018-11-30 11:01:24,522 - Loaded System Directive: org.apache.velocity.runtime.directive.Macro
2018-11-30 11:01:24,523 - Loaded System Directive: org.apache.velocity.runtime.directive.Parse
2018-11-30 11:01:24,524 - Loaded System Directive: org.apache.velocity.runtime.directive.Include
2018-11-30 11:01:24,525 - Loaded System Directive: org.apache.velocity.runtime.directive.Foreach
2018-11-30 11:01:24,546 - Created '20' parsers.
2018-11-30 11:01:24,551 - Velocimacro : "velocimacro.library" is not set.  Trying default library: VM_global_library.vm
2018-11-30 11:01:24,552 - Could not load resource 'VM_global_library.vm' from ResourceLoader org.apache.velocity.runtime.resource.loader.ClasspathResourceLoader: ClasspathResourceLoader Error: cannot find resource VM_global_library.vm
2018-11-30 11:01:24,553 - Velocimacro : Default library not found.
2018-11-30 11:01:24,553 - Velocimacro : allowInline = true : VMs can be defined inline in templates
2018-11-30 11:01:24,554 - Velocimacro : allowInlineToOverride = false : VMs defined inline may NOT replace previous VM definitions
2018-11-30 11:01:24,554 - Velocimacro : allowInlineLocal = false : VMs defined inline will be global in scope if allowed.
2018-11-30 11:01:24,554 - Velocimacro : autoload off : VM system will not automatically reload global library macros
2018-11-30 11:01:24,572 - ResourceManager : found /templates/entity.java.vm with loader org.apache.velocity.runtime.resource.loader.ClasspathResourceLoader
2018-11-30 11:01:24,588 - ResourceManager : found /templates/mapper.java.vm with loader org.apache.velocity.runtime.resource.loader.ClasspathResourceLoader
2018-11-30 11:01:24,592 - ResourceManager : found /templates/mapper.xml.vm with loader org.apache.velocity.runtime.resource.loader.ClasspathResourceLoader
2018-11-30 11:01:24,595 - ResourceManager : found /templates/service.java.vm with loader org.apache.velocity.runtime.resource.loader.ClasspathResourceLoader
2018-11-30 11:01:24,598 - ResourceManager : found /templates/serviceImpl.java.vm with loader org.apache.velocity.runtime.resource.loader.ClasspathResourceLoader
2018-11-30 11:01:24,600 - ResourceManager : found /templates/controller.java.vm with loader org.apache.velocity.runtime.resource.loader.ClasspathResourceLoader
2018-11-30 11:02:06,523 - Log4JLogChute initialized using file 'velocity.log'
2018-11-30 11:02:06,524 - Initializing Velocity, Calling init()...
2018-11-30 11:02:06,524 - Starting Apache Velocity v1.7 (compiled: 2010-11-19 12:14:37)
2018-11-30 11:02:06,524 - Default Properties File: org\apache\velocity\runtime\defaults\velocity.properties
2018-11-30 11:02:06,524 - Trying to use logger class org.apache.velocity.runtime.log.AvalonLogChute
2018-11-30 11:02:06,524 - Target log system for org.apache.velocity.runtime.log.AvalonLogChute is not available (java.lang.NoClassDefFoundError: org/apache/log/format/Formatter).  Falling back to next log system...
2018-11-30 11:02:06,524 - Trying to use logger class org.apache.velocity.runtime.log.Log4JLogChute
2018-11-30 11:02:06,524 - Using logger class org.apache.velocity.runtime.log.Log4JLogChute
2018-11-30 11:02:06,527 - ResourceLoader instantiated: org.apache.velocity.runtime.resource.loader.ClasspathResourceLoader
2018-11-30 11:02:06,538 - ResourceCache: initialized (class org.apache.velocity.runtime.resource.ResourceCacheImpl) with class java.util.Collections$SynchronizedMap cache map.
2018-11-30 11:02:06,539 - Loaded System Directive: org.apache.velocity.runtime.directive.Stop
2018-11-30 11:02:06,541 - Loaded System Directive: org.apache.velocity.runtime.directive.Define
2018-11-30 11:02:06,541 - Loaded System Directive: org.apache.velocity.runtime.directive.Break
2018-11-30 11:02:06,542 - Loaded System Directive: org.apache.velocity.runtime.directive.Evaluate
2018-11-30 11:02:06,543 - Loaded System Directive: org.apache.velocity.runtime.directive.Literal
2018-11-30 11:02:06,544 - Loaded System Directive: org.apache.velocity.runtime.directive.Macro
2018-11-30 11:02:06,545 - Loaded System Directive: org.apache.velocity.runtime.directive.Parse
2018-11-30 11:02:06,546 - Loaded System Directive: org.apache.velocity.runtime.directive.Include
2018-11-30 11:02:06,547 - Loaded System Directive: org.apache.velocity.runtime.directive.Foreach
2018-11-30 11:02:06,571 - Created '20' parsers.
2018-11-30 11:02:06,574 - Velocimacro : "velocimacro.library" is not set.  Trying default library: VM_global_library.vm
2018-11-30 11:02:06,575 - Could not load resource 'VM_global_library.vm' from ResourceLoader org.apache.velocity.runtime.resource.loader.ClasspathResourceLoader: ClasspathResourceLoader Error: cannot find resource VM_global_library.vm
2018-11-30 11:02:06,575 - Velocimacro : Default library not found.
2018-11-30 11:02:06,575 - Velocimacro : allowInline = true : VMs can be defined inline in templates
2018-11-30 11:02:06,575 - Velocimacro : allowInlineToOverride = false : VMs defined inline may NOT replace previous VM definitions
2018-11-30 11:02:06,575 - Velocimacro : allowInlineLocal = false : VMs defined inline will be global in scope if allowed.
2018-11-30 11:02:06,575 - Velocimacro : autoload off : VM system will not automatically reload global library macros
2018-11-30 11:02:06,592 - ResourceManager : found /templates/entity.java.vm with loader org.apache.velocity.runtime.resource.loader.ClasspathResourceLoader
2018-11-30 11:02:06,610 - ResourceManager : found /templates/mapper.java.vm with loader org.apache.velocity.runtime.resource.loader.ClasspathResourceLoader
2018-11-30 11:02:06,614 - ResourceManager : found /templates/mapper.xml.vm with loader org.apache.velocity.runtime.resource.loader.ClasspathResourceLoader
2018-11-30 11:02:06,622 - ResourceManager : found /templates/service.java.vm with loader org.apache.velocity.runtime.resource.loader.ClasspathResourceLoader
2018-11-30 11:02:06,625 - ResourceManager : found /templates/serviceImpl.java.vm with loader org.apache.velocity.runtime.resource.loader.ClasspathResourceLoader
2018-11-30 11:02:06,628 - ResourceManager : found /templates/controller.java.vm with loader org.apache.velocity.runtime.resource.loader.ClasspathResourceLoader
2018-11-30 14:48:49,365 - Log4JLogChute initialized using file 'velocity.log'
2018-11-30 14:48:49,366 - Initializing Velocity, Calling init()...
2018-11-30 14:48:49,366 - Starting Apache Velocity v1.7 (compiled: 2010-11-19 12:14:37)
2018-11-30 14:48:49,366 - Default Properties File: org\apache\velocity\runtime\defaults\velocity.properties
2018-11-30 14:48:49,366 - Trying to use logger class org.apache.velocity.runtime.log.AvalonLogChute
2018-11-30 14:48:49,366 - Target log system for org.apache.velocity.runtime.log.AvalonLogChute is not available (java.lang.NoClassDefFoundError: org/apache/log/format/Formatter).  Falling back to next log system...
2018-11-30 14:48:49,366 - Trying to use logger class org.apache.velocity.runtime.log.Log4JLogChute
2018-11-30 14:48:49,366 - Using logger class org.apache.velocity.runtime.log.Log4JLogChute
2018-11-30 14:48:49,369 - ResourceLoader instantiated: org.apache.velocity.runtime.resource.loader.ClasspathResourceLoader
2018-11-30 14:48:49,379 - ResourceCache: initialized (class org.apache.velocity.runtime.resource.ResourceCacheImpl) with class java.util.Collections$SynchronizedMap cache map.
2018-11-30 14:48:49,380 - Loaded System Directive: org.apache.velocity.runtime.directive.Stop
2018-11-30 14:48:49,381 - Loaded System Directive: org.apache.velocity.runtime.directive.Define
2018-11-30 14:48:49,381 - Loaded System Directive: org.apache.velocity.runtime.directive.Break
2018-11-30 14:48:49,382 - Loaded System Directive: org.apache.velocity.runtime.directive.Evaluate
2018-11-30 14:48:49,382 - Loaded System Directive: org.apache.velocity.runtime.directive.Literal
2018-11-30 14:48:49,383 - Loaded System Directive: org.apache.velocity.runtime.directive.Macro
2018-11-30 14:48:49,383 - Loaded System Directive: org.apache.velocity.runtime.directive.Parse
2018-11-30 14:48:49,384 - Loaded System Directive: org.apache.velocity.runtime.directive.Include
2018-11-30 14:48:49,385 - Loaded System Directive: org.apache.velocity.runtime.directive.Foreach
2018-11-30 14:48:49,405 - Created '20' parsers.
2018-11-30 14:48:49,409 - Velocimacro : "velocimacro.library" is not set.  Trying default library: VM_global_library.vm
2018-11-30 14:48:49,410 - Could not load resource 'VM_global_library.vm' from ResourceLoader org.apache.velocity.runtime.resource.loader.ClasspathResourceLoader: ClasspathResourceLoader Error: cannot find resource VM_global_library.vm
2018-11-30 14:48:49,410 - Velocimacro : Default library not found.
2018-11-30 14:48:49,410 - Velocimacro : allowInline = true : VMs can be defined inline in templates
2018-11-30 14:48:49,410 - Velocimacro : allowInlineToOverride = false : VMs defined inline may NOT replace previous VM definitions
2018-11-30 14:48:49,410 - Velocimacro : allowInlineLocal = false : VMs defined inline will be global in scope if allowed.
2018-11-30 14:48:49,410 - Velocimacro : autoload off : VM system will not automatically reload global library macros
2018-11-30 14:48:49,431 - ResourceManager : found /templates/entity.java.vm with loader org.apache.velocity.runtime.resource.loader.ClasspathResourceLoader
2018-11-30 14:48:49,445 - ResourceManager : found /templates/mapper.java.vm with loader org.apache.velocity.runtime.resource.loader.ClasspathResourceLoader
2018-11-30 14:48:49,449 - ResourceManager : found /templates/mapper.xml.vm with loader org.apache.velocity.runtime.resource.loader.ClasspathResourceLoader
2018-11-30 14:48:49,453 - ResourceManager : found /templates/service.java.vm with loader org.apache.velocity.runtime.resource.loader.ClasspathResourceLoader
2018-11-30 14:48:49,457 - ResourceManager : found /templates/serviceImpl.java.vm with loader org.apache.velocity.runtime.resource.loader.ClasspathResourceLoader
2018-11-30 14:48:49,460 - ResourceManager : found /templates/controller.java.vm with loader org.apache.velocity.runtime.resource.loader.ClasspathResourceLoader
2018-11-30 15:13:45,204 - Log4JLogChute initialized using file 'velocity.log'
2018-11-30 15:13:45,204 - Initializing Velocity, Calling init()...
2018-11-30 15:13:45,204 - Starting Apache Velocity v1.7 (compiled: 2010-11-19 12:14:37)
2018-11-30 15:13:45,204 - Default Properties File: org\apache\velocity\runtime\defaults\velocity.properties
2018-11-30 15:13:45,204 - Trying to use logger class org.apache.velocity.runtime.log.AvalonLogChute
2018-11-30 15:13:45,204 - Target log system for org.apache.velocity.runtime.log.AvalonLogChute is not available (java.lang.NoClassDefFoundError: org/apache/log/format/Formatter).  Falling back to next log system...
2018-11-30 15:13:45,204 - Trying to use logger class org.apache.velocity.runtime.log.Log4JLogChute
2018-11-30 15:13:45,204 - Using logger class org.apache.velocity.runtime.log.Log4JLogChute
2018-11-30 15:13:45,207 - ResourceLoader instantiated: org.apache.velocity.runtime.resource.loader.ClasspathResourceLoader
2018-11-30 15:13:45,217 - ResourceCache: initialized (class org.apache.velocity.runtime.resource.ResourceCacheImpl) with class java.util.Collections$SynchronizedMap cache map.
2018-11-30 15:13:45,218 - Loaded System Directive: org.apache.velocity.runtime.directive.Stop
2018-11-30 15:13:45,219 - Loaded System Directive: org.apache.velocity.runtime.directive.Define
2018-11-30 15:13:45,219 - Loaded System Directive: org.apache.velocity.runtime.directive.Break
2018-11-30 15:13:45,219 - Loaded System Directive: org.apache.velocity.runtime.directive.Evaluate
2018-11-30 15:13:45,220 - Loaded System Directive: org.apache.velocity.runtime.directive.Literal
2018-11-30 15:13:45,220 - Loaded System Directive: org.apache.velocity.runtime.directive.Macro
2018-11-30 15:13:45,221 - Loaded System Directive: org.apache.velocity.runtime.directive.Parse
2018-11-30 15:13:45,222 - Loaded System Directive: org.apache.velocity.runtime.directive.Include
2018-11-30 15:13:45,223 - Loaded System Directive: org.apache.velocity.runtime.directive.Foreach
2018-11-30 15:13:45,247 - Created '20' parsers.
2018-11-30 15:13:45,253 - Velocimacro : "velocimacro.library" is not set.  Trying default library: VM_global_library.vm
2018-11-30 15:13:45,253 - Could not load resource 'VM_global_library.vm' from ResourceLoader org.apache.velocity.runtime.resource.loader.ClasspathResourceLoader: ClasspathResourceLoader Error: cannot find resource VM_global_library.vm
2018-11-30 15:13:45,253 - Velocimacro : Default library not found.
2018-11-30 15:13:45,253 - Velocimacro : allowInline = true : VMs can be defined inline in templates
2018-11-30 15:13:45,253 - Velocimacro : allowInlineToOverride = false : VMs defined inline may NOT replace previous VM definitions
2018-11-30 15:13:45,253 - Velocimacro : allowInlineLocal = false : VMs defined inline will be global in scope if allowed.
2018-11-30 15:13:45,253 - Velocimacro : autoload off : VM system will not automatically reload global library macros
2018-11-30 15:13:45,269 - ResourceManager : found /templates/entity.java.vm with loader org.apache.velocity.runtime.resource.loader.ClasspathResourceLoader
2018-11-30 15:13:45,283 - ResourceManager : found /templates/mapper.java.vm with loader org.apache.velocity.runtime.resource.loader.ClasspathResourceLoader
2018-11-30 15:13:45,287 - ResourceManager : found /templates/mapper.xml.vm with loader org.apache.velocity.runtime.resource.loader.ClasspathResourceLoader
2018-11-30 15:13:45,290 - ResourceManager : found /templates/service.java.vm with loader org.apache.velocity.runtime.resource.loader.ClasspathResourceLoader
2018-11-30 15:13:45,293 - ResourceManager : found /templates/serviceImpl.java.vm with loader org.apache.velocity.runtime.resource.loader.ClasspathResourceLoader
2018-11-30 15:13:45,297 - ResourceManager : found /templates/controller.java.vm with loader org.apache.velocity.runtime.resource.loader.ClasspathResourceLoader
2018-11-30 15:13:45,301 - Parser Exception: /templates/jsp_search_jsp.vm
org.apache.velocity.runtime.parser.ParseException: Encountered " }/" at line 9, column 26.
Was expecting one of:
    "[" ...
    "}" ...
    
	at org.apache.velocity.runtime.parser.Parser.generateParseException(Parser.java:3679)
	at org.apache.velocity.runtime.parser.Parser.jj_consume_token(Parser.java:3558)
	at org.apache.velocity.runtime.parser.Parser.Reference(Parser.java:1521)
	at org.apache.velocity.runtime.parser.Parser.Statement(Parser.java:357)
	at org.apache.velocity.runtime.parser.Parser.process(Parser.java:317)
	at org.apache.velocity.runtime.parser.Parser.parse(Parser.java:117)
	at org.apache.velocity.runtime.RuntimeInstance.parse(RuntimeInstance.java:1226)
	at org.apache.velocity.runtime.RuntimeInstance.parse(RuntimeInstance.java:1181)
	at org.apache.velocity.Template.process(Template.java:134)
	at org.apache.velocity.runtime.resource.ResourceManagerImpl.loadResource(ResourceManagerImpl.java:437)
	at org.apache.velocity.runtime.resource.ResourceManagerImpl.getResource(ResourceManagerImpl.java:352)
	at org.apache.velocity.runtime.RuntimeInstance.getTemplate(RuntimeInstance.java:1533)
	at org.apache.velocity.app.VelocityEngine.getTemplate(VelocityEngine.java:392)
	at com.haier.openplatform.generator.AutoGenerator.vmToFile(AutoGenerator.java:210)
	at com.haier.openplatform.generator.AutoGenerator.batchOutput(AutoGenerator.java:184)
	at com.haier.openplatform.generator.AutoGenerator.execute(AutoGenerator.java:48)
	at com.haier.openplatform.utils.AutoGeneratorHelper.main(AutoGeneratorHelper.java:91)
2018-11-30 15:13:45,304 - ResourceManager.getResource() parse exception
org.apache.velocity.exception.ParseErrorException: Encountered " }/" at /templates/jsp_search_jsp.vm[line 9, column 26]
Was expecting one of:
    "[" ...
    "}" ...
    
	at org.apache.velocity.Template.process(Template.java:151)
	at org.apache.velocity.runtime.resource.ResourceManagerImpl.loadResource(ResourceManagerImpl.java:437)
	at org.apache.velocity.runtime.resource.ResourceManagerImpl.getResource(ResourceManagerImpl.java:352)
	at org.apache.velocity.runtime.RuntimeInstance.getTemplate(RuntimeInstance.java:1533)
	at org.apache.velocity.app.VelocityEngine.getTemplate(VelocityEngine.java:392)
	at com.haier.openplatform.generator.AutoGenerator.vmToFile(AutoGenerator.java:210)
	at com.haier.openplatform.generator.AutoGenerator.batchOutput(AutoGenerator.java:184)
	at com.haier.openplatform.generator.AutoGenerator.execute(AutoGenerator.java:48)
	at com.haier.openplatform.utils.AutoGeneratorHelper.main(AutoGeneratorHelper.java:91)
2018-11-30 15:14:39,120 - Log4JLogChute initialized using file 'velocity.log'
2018-11-30 15:14:39,120 - Initializing Velocity, Calling init()...
2018-11-30 15:14:39,120 - Starting Apache Velocity v1.7 (compiled: 2010-11-19 12:14:37)
2018-11-30 15:14:39,120 - Default Properties File: org\apache\velocity\runtime\defaults\velocity.properties
2018-11-30 15:14:39,120 - Trying to use logger class org.apache.velocity.runtime.log.AvalonLogChute
2018-11-30 15:14:39,120 - Target log system for org.apache.velocity.runtime.log.AvalonLogChute is not available (java.lang.NoClassDefFoundError: org/apache/log/format/Formatter).  Falling back to next log system...
2018-11-30 15:14:39,120 - Trying to use logger class org.apache.velocity.runtime.log.Log4JLogChute
2018-11-30 15:14:39,120 - Using logger class org.apache.velocity.runtime.log.Log4JLogChute
2018-11-30 15:14:39,123 - ResourceLoader instantiated: org.apache.velocity.runtime.resource.loader.ClasspathResourceLoader
2018-11-30 15:14:39,137 - ResourceCache: initialized (class org.apache.velocity.runtime.resource.ResourceCacheImpl) with class java.util.Collections$SynchronizedMap cache map.
2018-11-30 15:14:39,138 - Loaded System Directive: org.apache.velocity.runtime.directive.Stop
2018-11-30 15:14:39,139 - Loaded System Directive: org.apache.velocity.runtime.directive.Define
2018-11-30 15:14:39,139 - Loaded System Directive: org.apache.velocity.runtime.directive.Break
2018-11-30 15:14:39,140 - Loaded System Directive: org.apache.velocity.runtime.directive.Evaluate
2018-11-30 15:14:39,140 - Loaded System Directive: org.apache.velocity.runtime.directive.Literal
2018-11-30 15:14:39,141 - Loaded System Directive: org.apache.velocity.runtime.directive.Macro
2018-11-30 15:14:39,142 - Loaded System Directive: org.apache.velocity.runtime.directive.Parse
2018-11-30 15:14:39,142 - Loaded System Directive: org.apache.velocity.runtime.directive.Include
2018-11-30 15:14:39,143 - Loaded System Directive: org.apache.velocity.runtime.directive.Foreach
2018-11-30 15:14:39,167 - Created '20' parsers.
2018-11-30 15:14:39,171 - Velocimacro : "velocimacro.library" is not set.  Trying default library: VM_global_library.vm
2018-11-30 15:14:39,171 - Could not load resource 'VM_global_library.vm' from ResourceLoader org.apache.velocity.runtime.resource.loader.ClasspathResourceLoader: ClasspathResourceLoader Error: cannot find resource VM_global_library.vm
2018-11-30 15:14:39,171 - Velocimacro : Default library not found.
2018-11-30 15:14:39,172 - Velocimacro : allowInline = true : VMs can be defined inline in templates
2018-11-30 15:14:39,172 - Velocimacro : allowInlineToOverride = false : VMs defined inline may NOT replace previous VM definitions
2018-11-30 15:14:39,172 - Velocimacro : allowInlineLocal = false : VMs defined inline will be global in scope if allowed.
2018-11-30 15:14:39,172 - Velocimacro : autoload off : VM system will not automatically reload global library macros
2018-11-30 15:14:39,187 - ResourceManager : found /templates/entity.java.vm with loader org.apache.velocity.runtime.resource.loader.ClasspathResourceLoader
2018-11-30 15:14:39,204 - ResourceManager : found /templates/mapper.java.vm with loader org.apache.velocity.runtime.resource.loader.ClasspathResourceLoader
2018-11-30 15:14:39,208 - ResourceManager : found /templates/mapper.xml.vm with loader org.apache.velocity.runtime.resource.loader.ClasspathResourceLoader
2018-11-30 15:14:39,211 - ResourceManager : found /templates/service.java.vm with loader org.apache.velocity.runtime.resource.loader.ClasspathResourceLoader
2018-11-30 15:14:39,213 - ResourceManager : found /templates/serviceImpl.java.vm with loader org.apache.velocity.runtime.resource.loader.ClasspathResourceLoader
2018-11-30 15:14:39,216 - ResourceManager : found /templates/controller.java.vm with loader org.apache.velocity.runtime.resource.loader.ClasspathResourceLoader
2018-11-30 15:14:39,223 - Parser Exception: /templates/jsp_search_jsp.vm
org.apache.velocity.runtime.parser.ParseException: Encountered "<EOF>" at line 152, column 6.
Was expecting one of:
    "(" ...
    <RPAREN> ...
    <ESCAPE_DIRECTIVE> ...
    <SET_DIRECTIVE> ...
    "##" ...
    "\\\\" ...
    "\\" ...
    <TEXT> ...
    "*#" ...
    "*#" ...
    "]]#" ...
    <STRING_LITERAL> ...
    <END> ...
    <IF_DIRECTIVE> ...
    <INTEGER_LITERAL> ...
    <FLOATING_POINT_LITERAL> ...
    <WORD> ...
    <BRACKETED_WORD> ...
    <IDENTIFIER> ...
    <DOT> ...
    "{" ...
    "}" ...
    <EMPTY_INDEX> ...
    
	at org.apache.velocity.runtime.parser.Parser.generateParseException(Parser.java:3679)
	at org.apache.velocity.runtime.parser.Parser.jj_consume_token(Parser.java:3558)
	at org.apache.velocity.runtime.parser.Parser.Directive(Parser.java:939)
	at org.apache.velocity.runtime.parser.Parser.Statement(Parser.java:379)
	at org.apache.velocity.runtime.parser.Parser.process(Parser.java:317)
	at org.apache.velocity.runtime.parser.Parser.parse(Parser.java:117)
	at org.apache.velocity.runtime.RuntimeInstance.parse(RuntimeInstance.java:1226)
	at org.apache.velocity.runtime.RuntimeInstance.parse(RuntimeInstance.java:1181)
	at org.apache.velocity.Template.process(Template.java:134)
	at org.apache.velocity.runtime.resource.ResourceManagerImpl.loadResource(ResourceManagerImpl.java:437)
	at org.apache.velocity.runtime.resource.ResourceManagerImpl.getResource(ResourceManagerImpl.java:352)
	at org.apache.velocity.runtime.RuntimeInstance.getTemplate(RuntimeInstance.java:1533)
	at org.apache.velocity.app.VelocityEngine.getTemplate(VelocityEngine.java:392)
	at com.haier.openplatform.generator.AutoGenerator.vmToFile(AutoGenerator.java:210)
	at com.haier.openplatform.generator.AutoGenerator.batchOutput(AutoGenerator.java:184)
	at com.haier.openplatform.generator.AutoGenerator.execute(AutoGenerator.java:48)
	at com.haier.openplatform.utils.AutoGeneratorHelper.main(AutoGeneratorHelper.java:91)
2018-11-30 15:14:39,226 - ResourceManager.getResource() parse exception
org.apache.velocity.exception.ParseErrorException: Encountered "<EOF>" at /templates/jsp_search_jsp.vm[line 152, column 6]
Was expecting one of:
    "(" ...
    <RPAREN> ...
    <ESCAPE_DIRECTIVE> ...
    <SET_DIRECTIVE> ...
    "##" ...
    "\\\\" ...
    "\\" ...
    <TEXT> ...
    "*#" ...
    "*#" ...
    "]]#" ...
    <STRING_LITERAL> ...
    <END> ...
    <IF_DIRECTIVE> ...
    <INTEGER_LITERAL> ...
    <FLOATING_POINT_LITERAL> ...
    <WORD> ...
    <BRACKETED_WORD> ...
    <IDENTIFIER> ...
    <DOT> ...
    "{" ...
    "}" ...
    <EMPTY_INDEX> ...
    
	at org.apache.velocity.Template.process(Template.java:151)
	at org.apache.velocity.runtime.resource.ResourceManagerImpl.loadResource(ResourceManagerImpl.java:437)
	at org.apache.velocity.runtime.resource.ResourceManagerImpl.getResource(ResourceManagerImpl.java:352)
	at org.apache.velocity.runtime.RuntimeInstance.getTemplate(RuntimeInstance.java:1533)
	at org.apache.velocity.app.VelocityEngine.getTemplate(VelocityEngine.java:392)
	at com.haier.openplatform.generator.AutoGenerator.vmToFile(AutoGenerator.java:210)
	at com.haier.openplatform.generator.AutoGenerator.batchOutput(AutoGenerator.java:184)
	at com.haier.openplatform.generator.AutoGenerator.execute(AutoGenerator.java:48)
	at com.haier.openplatform.utils.AutoGeneratorHelper.main(AutoGeneratorHelper.java:91)
2018-11-30 15:16:47,714 - Log4JLogChute initialized using file 'velocity.log'
2018-11-30 15:16:47,715 - Initializing Velocity, Calling init()...
2018-11-30 15:16:47,715 - Starting Apache Velocity v1.7 (compiled: 2010-11-19 12:14:37)
2018-11-30 15:16:47,715 - Default Properties File: org\apache\velocity\runtime\defaults\velocity.properties
2018-11-30 15:16:47,715 - Trying to use logger class org.apache.velocity.runtime.log.AvalonLogChute
2018-11-30 15:16:47,715 - Target log system for org.apache.velocity.runtime.log.AvalonLogChute is not available (java.lang.NoClassDefFoundError: org/apache/log/format/Formatter).  Falling back to next log system...
2018-11-30 15:16:47,715 - Trying to use logger class org.apache.velocity.runtime.log.Log4JLogChute
2018-11-30 15:16:47,715 - Using logger class org.apache.velocity.runtime.log.Log4JLogChute
2018-11-30 15:16:47,718 - ResourceLoader instantiated: org.apache.velocity.runtime.resource.loader.ClasspathResourceLoader
2018-11-30 15:16:47,736 - ResourceCache: initialized (class org.apache.velocity.runtime.resource.ResourceCacheImpl) with class java.util.Collections$SynchronizedMap cache map.
2018-11-30 15:16:47,737 - Loaded System Directive: org.apache.velocity.runtime.directive.Stop
2018-11-30 15:16:47,738 - Loaded System Directive: org.apache.velocity.runtime.directive.Define
2018-11-30 15:16:47,739 - Loaded System Directive: org.apache.velocity.runtime.directive.Break
2018-11-30 15:16:47,739 - Loaded System Directive: org.apache.velocity.runtime.directive.Evaluate
2018-11-30 15:16:47,740 - Loaded System Directive: org.apache.velocity.runtime.directive.Literal
2018-11-30 15:16:47,740 - Loaded System Directive: org.apache.velocity.runtime.directive.Macro
2018-11-30 15:16:47,742 - Loaded System Directive: org.apache.velocity.runtime.directive.Parse
2018-11-30 15:16:47,743 - Loaded System Directive: org.apache.velocity.runtime.directive.Include
2018-11-30 15:16:47,745 - Loaded System Directive: org.apache.velocity.runtime.directive.Foreach
2018-11-30 15:16:47,776 - Created '20' parsers.
2018-11-30 15:16:47,782 - Velocimacro : "velocimacro.library" is not set.  Trying default library: VM_global_library.vm
2018-11-30 15:16:47,783 - Could not load resource 'VM_global_library.vm' from ResourceLoader org.apache.velocity.runtime.resource.loader.ClasspathResourceLoader: ClasspathResourceLoader Error: cannot find resource VM_global_library.vm
2018-11-30 15:16:47,783 - Velocimacro : Default library not found.
2018-11-30 15:16:47,783 - Velocimacro : allowInline = true : VMs can be defined inline in templates
2018-11-30 15:16:47,783 - Velocimacro : allowInlineToOverride = false : VMs defined inline may NOT replace previous VM definitions
2018-11-30 15:16:47,783 - Velocimacro : allowInlineLocal = false : VMs defined inline will be global in scope if allowed.
2018-11-30 15:16:47,783 - Velocimacro : autoload off : VM system will not automatically reload global library macros
2018-11-30 15:16:47,801 - ResourceManager : found /templates/entity.java.vm with loader org.apache.velocity.runtime.resource.loader.ClasspathResourceLoader
2018-11-30 15:16:47,819 - ResourceManager : found /templates/mapper.java.vm with loader org.apache.velocity.runtime.resource.loader.ClasspathResourceLoader
2018-11-30 15:16:47,823 - ResourceManager : found /templates/mapper.xml.vm with loader org.apache.velocity.runtime.resource.loader.ClasspathResourceLoader
2018-11-30 15:16:47,827 - ResourceManager : found /templates/service.java.vm with loader org.apache.velocity.runtime.resource.loader.ClasspathResourceLoader
2018-11-30 15:16:47,831 - ResourceManager : found /templates/serviceImpl.java.vm with loader org.apache.velocity.runtime.resource.loader.ClasspathResourceLoader
2018-11-30 15:16:47,835 - ResourceManager : found /templates/controller.java.vm with loader org.apache.velocity.runtime.resource.loader.ClasspathResourceLoader
2018-11-30 15:16:47,843 - ResourceManager : found /templates/jsp_search_jsp.vm with loader org.apache.velocity.runtime.resource.loader.ClasspathResourceLoader
2018-11-30 15:16:47,844 - Null reference [template '/templates/jsp_search_jsp.vm', line 4, column 9] : ${package.ModuleName} cannot be resolved.
2018-11-30 15:16:47,844 - Null reference [template '/templates/jsp_search_jsp.vm', line 8, column 9] : ${package.ModuleName} cannot be resolved.
2018-11-30 15:16:47,844 - Null reference [template '/templates/jsp_search_jsp.vm', line 8, column 44] : ${package.ModuleName} cannot be resolved.
2018-11-30 15:16:47,844 - Null reference [template '/templates/jsp_search_jsp.vm', line 9, column 28] : ${package.ModuleName} cannot be resolved.
2018-11-30 15:16:47,845 - Null reference [template '/templates/jsp_search_jsp.vm', line 34, column 53] : ${package.ModuleName} cannot be resolved.
2018-11-30 15:16:47,845 - Null reference [template '/templates/jsp_search_jsp.vm', line 37, column 53] : ${package.ModuleName} cannot be resolved.
2018-11-30 15:16:47,845 - Null reference [template '/templates/jsp_search_jsp.vm', line 48, column 24] : ${package.ModuleName} cannot be resolved.
2018-11-30 15:16:47,845 - Null reference [template '/templates/jsp_search_jsp.vm', line 57, column 29] : ${package.ModuleName} cannot be resolved.
2018-11-30 15:16:47,845 - Null reference [template '/templates/jsp_search_jsp.vm', line 61, column 61] : ${package.ModuleName} cannot be resolved.
2018-11-30 15:16:47,845 - Null reference [template '/templates/jsp_search_jsp.vm', line 62, column 64] : ${package.ModuleName} cannot be resolved.
2018-11-30 15:16:47,845 - Null reference [template '/templates/jsp_search_jsp.vm', line 71, column 24] : ${package.ModuleName} cannot be resolved.
2018-11-30 15:16:47,845 - Null reference [template '/templates/jsp_search_jsp.vm', line 74, column 13] : ${package.ModuleName} cannot be resolved.
2018-11-30 15:16:47,845 - Null reference [template '/templates/jsp_search_jsp.vm', line 79, column 33] : ${package.ModuleName} cannot be resolved.
2018-11-30 15:16:47,845 - Null reference [template '/templates/jsp_search_jsp.vm', line 84, column 25] : ${package.ModuleName} cannot be resolved.
2018-11-30 15:16:47,845 - Null reference [template '/templates/jsp_search_jsp.vm', line 96, column 24] : ${package.ModuleName} cannot be resolved.
2018-11-30 15:16:47,845 - Null reference [template '/templates/jsp_search_jsp.vm', line 99, column 13] : ${package.ModuleName} cannot be resolved.
2018-11-30 15:16:47,846 - Null reference [template '/templates/jsp_search_jsp.vm', line 105, column 29] : ${package.ModuleName} cannot be resolved.
2018-11-30 15:16:47,846 - Null reference [template '/templates/jsp_search_jsp.vm', line 109, column 61] : ${package.ModuleName} cannot be resolved.
2018-11-30 15:16:47,846 - Null reference [template '/templates/jsp_search_jsp.vm', line 110, column 64] : ${package.ModuleName} cannot be resolved.
2018-11-30 15:16:47,846 - Null reference [template '/templates/jsp_search_jsp.vm', line 118, column 9] : ${package.ModuleName} cannot be resolved.
2018-11-30 15:16:47,846 - Null reference [template '/templates/jsp_search_jsp.vm', line 122, column 9] : ${package.ModuleName} cannot be resolved.
2018-11-30 15:16:47,846 - Null reference [template '/templates/jsp_search_jsp.vm', line 144, column 20] : ${package.ModuleName} cannot be resolved.
2018-11-30 15:16:47,846 - Null reference [template '/templates/jsp_search_jsp.vm', line 147, column 10] : ${package.ModuleName} cannot be resolved.
2018-11-30 15:16:47,846 - Null reference [template '/templates/jsp_search_jsp.vm', line 148, column 33] : ${package.ModuleName} cannot be resolved.
2018-11-30 15:19:03,089 - Log4JLogChute initialized using file 'velocity.log'
2018-11-30 15:19:03,089 - Initializing Velocity, Calling init()...
2018-11-30 15:19:03,089 - Starting Apache Velocity v1.7 (compiled: 2010-11-19 12:14:37)
2018-11-30 15:19:03,089 - Default Properties File: org\apache\velocity\runtime\defaults\velocity.properties
2018-11-30 15:19:03,089 - Trying to use logger class org.apache.velocity.runtime.log.AvalonLogChute
2018-11-30 15:19:03,089 - Target log system for org.apache.velocity.runtime.log.AvalonLogChute is not available (java.lang.NoClassDefFoundError: org/apache/log/format/Formatter).  Falling back to next log system...
2018-11-30 15:19:03,089 - Trying to use logger class org.apache.velocity.runtime.log.Log4JLogChute
2018-11-30 15:19:03,089 - Using logger class org.apache.velocity.runtime.log.Log4JLogChute
2018-11-30 15:19:03,092 - ResourceLoader instantiated: org.apache.velocity.runtime.resource.loader.ClasspathResourceLoader
2018-11-30 15:19:03,104 - ResourceCache: initialized (class org.apache.velocity.runtime.resource.ResourceCacheImpl) with class java.util.Collections$SynchronizedMap cache map.
2018-11-30 15:19:03,106 - Loaded System Directive: org.apache.velocity.runtime.directive.Stop
2018-11-30 15:19:03,107 - Loaded System Directive: org.apache.velocity.runtime.directive.Define
2018-11-30 15:19:03,108 - Loaded System Directive: org.apache.velocity.runtime.directive.Break
2018-11-30 15:19:03,109 - Loaded System Directive: org.apache.velocity.runtime.directive.Evaluate
2018-11-30 15:19:03,110 - Loaded System Directive: org.apache.velocity.runtime.directive.Literal
2018-11-30 15:19:03,111 - Loaded System Directive: org.apache.velocity.runtime.directive.Macro
2018-11-30 15:19:03,113 - Loaded System Directive: org.apache.velocity.runtime.directive.Parse
2018-11-30 15:19:03,114 - Loaded System Directive: org.apache.velocity.runtime.directive.Include
2018-11-30 15:19:03,115 - Loaded System Directive: org.apache.velocity.runtime.directive.Foreach
2018-11-30 15:19:03,147 - Created '20' parsers.
2018-11-30 15:19:03,151 - Velocimacro : "velocimacro.library" is not set.  Trying default library: VM_global_library.vm
2018-11-30 15:19:03,151 - Could not load resource 'VM_global_library.vm' from ResourceLoader org.apache.velocity.runtime.resource.loader.ClasspathResourceLoader: ClasspathResourceLoader Error: cannot find resource VM_global_library.vm
2018-11-30 15:19:03,151 - Velocimacro : Default library not found.
2018-11-30 15:19:03,151 - Velocimacro : allowInline = true : VMs can be defined inline in templates
2018-11-30 15:19:03,151 - Velocimacro : allowInlineToOverride = false : VMs defined inline may NOT replace previous VM definitions
2018-11-30 15:19:03,151 - Velocimacro : allowInlineLocal = false : VMs defined inline will be global in scope if allowed.
2018-11-30 15:19:03,152 - Velocimacro : autoload off : VM system will not automatically reload global library macros
2018-11-30 15:19:03,171 - ResourceManager : found /templates/entity.java.vm with loader org.apache.velocity.runtime.resource.loader.ClasspathResourceLoader
2018-11-30 15:19:03,186 - ResourceManager : found /templates/mapper.java.vm with loader org.apache.velocity.runtime.resource.loader.ClasspathResourceLoader
2018-11-30 15:19:03,190 - ResourceManager : found /templates/mapper.xml.vm with loader org.apache.velocity.runtime.resource.loader.ClasspathResourceLoader
2018-11-30 15:19:03,193 - ResourceManager : found /templates/service.java.vm with loader org.apache.velocity.runtime.resource.loader.ClasspathResourceLoader
2018-11-30 15:19:03,196 - ResourceManager : found /templates/serviceImpl.java.vm with loader org.apache.velocity.runtime.resource.loader.ClasspathResourceLoader
2018-11-30 15:19:03,200 - ResourceManager : found /templates/controller.java.vm with loader org.apache.velocity.runtime.resource.loader.ClasspathResourceLoader
2018-11-30 15:19:03,207 - ResourceManager : found /templates/jsp_search_jsp.vm with loader org.apache.velocity.runtime.resource.loader.ClasspathResourceLoader
2018-11-30 15:19:03,209 - Null reference [template '/templates/jsp_search_jsp.vm', line 4, column 9] : ${package.ModuleName} cannot be resolved.
2018-11-30 15:19:03,209 - Null reference [template '/templates/jsp_search_jsp.vm', line 8, column 9] : ${package.ModuleName} cannot be resolved.
2018-11-30 15:19:03,209 - Null reference [template '/templates/jsp_search_jsp.vm', line 8, column 44] : ${package.ModuleName} cannot be resolved.
2018-11-30 15:19:03,209 - Null reference [template '/templates/jsp_search_jsp.vm', line 9, column 28] : ${package.ModuleName} cannot be resolved.
2018-11-30 15:19:03,210 - Null reference [template '/templates/jsp_search_jsp.vm', line 34, column 53] : ${package.ModuleName} cannot be resolved.
2018-11-30 15:19:03,210 - Null reference [template '/templates/jsp_search_jsp.vm', line 37, column 53] : ${package.ModuleName} cannot be resolved.
2018-11-30 15:19:03,210 - Null reference [template '/templates/jsp_search_jsp.vm', line 48, column 24] : ${package.ModuleName} cannot be resolved.
2018-11-30 15:19:03,210 - Null reference [template '/templates/jsp_search_jsp.vm', line 57, column 29] : ${package.ModuleName} cannot be resolved.
2018-11-30 15:19:03,210 - Null reference [template '/templates/jsp_search_jsp.vm', line 61, column 61] : ${package.ModuleName} cannot be resolved.
2018-11-30 15:19:03,210 - Null reference [template '/templates/jsp_search_jsp.vm', line 62, column 64] : ${package.ModuleName} cannot be resolved.
2018-11-30 15:19:03,210 - Null reference [template '/templates/jsp_search_jsp.vm', line 71, column 24] : ${package.ModuleName} cannot be resolved.
2018-11-30 15:19:03,210 - Null reference [template '/templates/jsp_search_jsp.vm', line 74, column 13] : ${package.ModuleName} cannot be resolved.
2018-11-30 15:19:03,210 - Null reference [template '/templates/jsp_search_jsp.vm', line 79, column 33] : ${package.ModuleName} cannot be resolved.
2018-11-30 15:19:03,210 - Null reference [template '/templates/jsp_search_jsp.vm', line 84, column 25] : ${package.ModuleName} cannot be resolved.
2018-11-30 15:19:03,210 - Null reference [template '/templates/jsp_search_jsp.vm', line 96, column 24] : ${package.ModuleName} cannot be resolved.
2018-11-30 15:19:03,211 - Null reference [template '/templates/jsp_search_jsp.vm', line 99, column 13] : ${package.ModuleName} cannot be resolved.
2018-11-30 15:19:03,211 - Null reference [template '/templates/jsp_search_jsp.vm', line 105, column 29] : ${package.ModuleName} cannot be resolved.
2018-11-30 15:19:03,211 - Null reference [template '/templates/jsp_search_jsp.vm', line 109, column 61] : ${package.ModuleName} cannot be resolved.
2018-11-30 15:19:03,211 - Null reference [template '/templates/jsp_search_jsp.vm', line 110, column 64] : ${package.ModuleName} cannot be resolved.
2018-11-30 15:19:03,211 - Null reference [template '/templates/jsp_search_jsp.vm', line 118, column 9] : ${package.ModuleName} cannot be resolved.
2018-11-30 15:19:03,211 - Null reference [template '/templates/jsp_search_jsp.vm', line 122, column 9] : ${package.ModuleName} cannot be resolved.
2018-11-30 15:19:03,211 - Null reference [template '/templates/jsp_search_jsp.vm', line 144, column 20] : ${package.ModuleName} cannot be resolved.
2018-11-30 15:19:03,211 - Null reference [template '/templates/jsp_search_jsp.vm', line 147, column 10] : ${package.ModuleName} cannot be resolved.
2018-11-30 15:19:03,211 - Null reference [template '/templates/jsp_search_jsp.vm', line 148, column 33] : ${package.ModuleName} cannot be resolved.
2018-11-30 15:21:05,950 - Log4JLogChute initialized using file 'velocity.log'
2018-11-30 15:21:05,950 - Initializing Velocity, Calling init()...
2018-11-30 15:21:05,950 - Starting Apache Velocity v1.7 (compiled: 2010-11-19 12:14:37)
2018-11-30 15:21:05,950 - Default Properties File: org\apache\velocity\runtime\defaults\velocity.properties
2018-11-30 15:21:05,950 - Trying to use logger class org.apache.velocity.runtime.log.AvalonLogChute
2018-11-30 15:21:05,950 - Target log system for org.apache.velocity.runtime.log.AvalonLogChute is not available (java.lang.NoClassDefFoundError: org/apache/log/format/Formatter).  Falling back to next log system...
2018-11-30 15:21:05,950 - Trying to use logger class org.apache.velocity.runtime.log.Log4JLogChute
2018-11-30 15:21:05,950 - Using logger class org.apache.velocity.runtime.log.Log4JLogChute
2018-11-30 15:21:05,953 - ResourceLoader instantiated: org.apache.velocity.runtime.resource.loader.ClasspathResourceLoader
2018-11-30 15:21:05,967 - ResourceCache: initialized (class org.apache.velocity.runtime.resource.ResourceCacheImpl) with class java.util.Collections$SynchronizedMap cache map.
2018-11-30 15:21:05,968 - Loaded System Directive: org.apache.velocity.runtime.directive.Stop
2018-11-30 15:21:05,969 - Loaded System Directive: org.apache.velocity.runtime.directive.Define
2018-11-30 15:21:05,970 - Loaded System Directive: org.apache.velocity.runtime.directive.Break
2018-11-30 15:21:05,970 - Loaded System Directive: org.apache.velocity.runtime.directive.Evaluate
2018-11-30 15:21:05,971 - Loaded System Directive: org.apache.velocity.runtime.directive.Literal
2018-11-30 15:21:05,972 - Loaded System Directive: org.apache.velocity.runtime.directive.Macro
2018-11-30 15:21:05,973 - Loaded System Directive: org.apache.velocity.runtime.directive.Parse
2018-11-30 15:21:05,973 - Loaded System Directive: org.apache.velocity.runtime.directive.Include
2018-11-30 15:21:05,974 - Loaded System Directive: org.apache.velocity.runtime.directive.Foreach
2018-11-30 15:21:06,001 - Created '20' parsers.
2018-11-30 15:21:06,007 - Velocimacro : "velocimacro.library" is not set.  Trying default library: VM_global_library.vm
2018-11-30 15:21:06,007 - Could not load resource 'VM_global_library.vm' from ResourceLoader org.apache.velocity.runtime.resource.loader.ClasspathResourceLoader: ClasspathResourceLoader Error: cannot find resource VM_global_library.vm
2018-11-30 15:21:06,007 - Velocimacro : Default library not found.
2018-11-30 15:21:06,007 - Velocimacro : allowInline = true : VMs can be defined inline in templates
2018-11-30 15:21:06,007 - Velocimacro : allowInlineToOverride = false : VMs defined inline may NOT replace previous VM definitions
2018-11-30 15:21:06,007 - Velocimacro : allowInlineLocal = false : VMs defined inline will be global in scope if allowed.
2018-11-30 15:21:06,007 - Velocimacro : autoload off : VM system will not automatically reload global library macros
2018-11-30 15:21:06,072 - ResourceManager : found /templates/entity.java.vm with loader org.apache.velocity.runtime.resource.loader.ClasspathResourceLoader
2018-11-30 15:21:06,094 - ResourceManager : found /templates/mapper.java.vm with loader org.apache.velocity.runtime.resource.loader.ClasspathResourceLoader
2018-11-30 15:21:06,109 - ResourceManager : found /templates/mapper.xml.vm with loader org.apache.velocity.runtime.resource.loader.ClasspathResourceLoader
2018-11-30 15:21:06,120 - ResourceManager : found /templates/service.java.vm with loader org.apache.velocity.runtime.resource.loader.ClasspathResourceLoader
2018-11-30 15:21:06,141 - ResourceManager : found /templates/serviceImpl.java.vm with loader org.apache.velocity.runtime.resource.loader.ClasspathResourceLoader
2018-11-30 15:21:06,153 - ResourceManager : found /templates/controller.java.vm with loader org.apache.velocity.runtime.resource.loader.ClasspathResourceLoader
2018-11-30 15:21:06,183 - ResourceManager : found /templates/jsp_search_jsp.vm with loader org.apache.velocity.runtime.resource.loader.ClasspathResourceLoader
2018-11-30 15:21:06,184 - Null reference [template '/templates/jsp_search_jsp.vm', line 4, column 9] : ${ModuleName} cannot be resolved.
2018-11-30 15:21:06,184 - Null reference [template '/templates/jsp_search_jsp.vm', line 8, column 9] : ${ModuleName} cannot be resolved.
2018-11-30 15:21:06,184 - Null reference [template '/templates/jsp_search_jsp.vm', line 8, column 36] : ${ModuleName} cannot be resolved.
2018-11-30 15:21:06,184 - Null reference [template '/templates/jsp_search_jsp.vm', line 9, column 28] : ${ModuleName} cannot be resolved.
2018-11-30 15:21:06,184 - Null reference [template '/templates/jsp_search_jsp.vm', line 34, column 53] : ${ModuleName} cannot be resolved.
2018-11-30 15:21:06,184 - Null reference [template '/templates/jsp_search_jsp.vm', line 37, column 53] : ${ModuleName} cannot be resolved.
2018-11-30 15:21:06,184 - Null reference [template '/templates/jsp_search_jsp.vm', line 48, column 24] : ${ModuleName} cannot be resolved.
2018-11-30 15:21:06,185 - Null reference [template '/templates/jsp_search_jsp.vm', line 57, column 29] : ${ModuleName} cannot be resolved.
2018-11-30 15:21:06,185 - Null reference [template '/templates/jsp_search_jsp.vm', line 61, column 61] : ${ModuleName} cannot be resolved.
2018-11-30 15:21:06,185 - Null reference [template '/templates/jsp_search_jsp.vm', line 62, column 64] : ${ModuleName} cannot be resolved.
2018-11-30 15:21:06,185 - Null reference [template '/templates/jsp_search_jsp.vm', line 71, column 24] : ${ModuleName} cannot be resolved.
2018-11-30 15:21:06,185 - Null reference [template '/templates/jsp_search_jsp.vm', line 74, column 13] : ${ModuleName} cannot be resolved.
2018-11-30 15:21:06,185 - Null reference [template '/templates/jsp_search_jsp.vm', line 79, column 33] : ${ModuleName} cannot be resolved.
2018-11-30 15:21:06,185 - Null reference [template '/templates/jsp_search_jsp.vm', line 84, column 25] : ${ModuleName} cannot be resolved.
2018-11-30 15:21:06,185 - Null reference [template '/templates/jsp_search_jsp.vm', line 96, column 24] : ${ModuleName} cannot be resolved.
2018-11-30 15:21:06,185 - Null reference [template '/templates/jsp_search_jsp.vm', line 99, column 13] : ${ModuleName} cannot be resolved.
2018-11-30 15:21:06,185 - Null reference [template '/templates/jsp_search_jsp.vm', line 105, column 29] : ${ModuleName} cannot be resolved.
2018-11-30 15:21:06,185 - Null reference [template '/templates/jsp_search_jsp.vm', line 109, column 61] : ${ModuleName} cannot be resolved.
2018-11-30 15:21:06,185 - Null reference [template '/templates/jsp_search_jsp.vm', line 110, column 64] : ${ModuleName} cannot be resolved.
2018-11-30 15:21:06,185 - Null reference [template '/templates/jsp_search_jsp.vm', line 118, column 9] : ${ModuleName} cannot be resolved.
2018-11-30 15:21:06,185 - Null reference [template '/templates/jsp_search_jsp.vm', line 122, column 9] : ${ModuleName} cannot be resolved.
2018-11-30 15:21:06,185 - Null reference [template '/templates/jsp_search_jsp.vm', line 144, column 20] : ${ModuleName} cannot be resolved.
2018-11-30 15:21:06,185 - Null reference [template '/templates/jsp_search_jsp.vm', line 147, column 10] : ${ModuleName} cannot be resolved.
2018-11-30 15:21:06,185 - Null reference [template '/templates/jsp_search_jsp.vm', line 148, column 33] : ${ModuleName} cannot be resolved.
2018-11-30 15:24:34,866 - Log4JLogChute initialized using file 'velocity.log'
2018-11-30 15:24:34,867 - Initializing Velocity, Calling init()...
2018-11-30 15:24:34,867 - Starting Apache Velocity v1.7 (compiled: 2010-11-19 12:14:37)
2018-11-30 15:24:34,867 - Default Properties File: org\apache\velocity\runtime\defaults\velocity.properties
2018-11-30 15:24:34,867 - Trying to use logger class org.apache.velocity.runtime.log.AvalonLogChute
2018-11-30 15:24:34,867 - Target log system for org.apache.velocity.runtime.log.AvalonLogChute is not available (java.lang.NoClassDefFoundError: org/apache/log/format/Formatter).  Falling back to next log system...
2018-11-30 15:24:34,867 - Trying to use logger class org.apache.velocity.runtime.log.Log4JLogChute
2018-11-30 15:24:34,867 - Using logger class org.apache.velocity.runtime.log.Log4JLogChute
2018-11-30 15:24:34,870 - ResourceLoader instantiated: org.apache.velocity.runtime.resource.loader.ClasspathResourceLoader
2018-11-30 15:24:34,892 - ResourceCache: initialized (class org.apache.velocity.runtime.resource.ResourceCacheImpl) with class java.util.Collections$SynchronizedMap cache map.
2018-11-30 15:24:34,895 - Loaded System Directive: org.apache.velocity.runtime.directive.Stop
2018-11-30 15:24:34,897 - Loaded System Directive: org.apache.velocity.runtime.directive.Define
2018-11-30 15:24:34,897 - Loaded System Directive: org.apache.velocity.runtime.directive.Break
2018-11-30 15:24:34,898 - Loaded System Directive: org.apache.velocity.runtime.directive.Evaluate
2018-11-30 15:24:34,899 - Loaded System Directive: org.apache.velocity.runtime.directive.Literal
2018-11-30 15:24:34,900 - Loaded System Directive: org.apache.velocity.runtime.directive.Macro
2018-11-30 15:24:34,901 - Loaded System Directive: org.apache.velocity.runtime.directive.Parse
2018-11-30 15:24:34,902 - Loaded System Directive: org.apache.velocity.runtime.directive.Include
2018-11-30 15:24:34,903 - Loaded System Directive: org.apache.velocity.runtime.directive.Foreach
2018-11-30 15:24:34,933 - Created '20' parsers.
2018-11-30 15:24:34,938 - Velocimacro : "velocimacro.library" is not set.  Trying default library: VM_global_library.vm
2018-11-30 15:24:34,938 - Could not load resource 'VM_global_library.vm' from ResourceLoader org.apache.velocity.runtime.resource.loader.ClasspathResourceLoader: ClasspathResourceLoader Error: cannot find resource VM_global_library.vm
2018-11-30 15:24:34,938 - Velocimacro : Default library not found.
2018-11-30 15:24:34,938 - Velocimacro : allowInline = true : VMs can be defined inline in templates
2018-11-30 15:24:34,938 - Velocimacro : allowInlineToOverride = false : VMs defined inline may NOT replace previous VM definitions
2018-11-30 15:24:34,938 - Velocimacro : allowInlineLocal = false : VMs defined inline will be global in scope if allowed.
2018-11-30 15:24:34,938 - Velocimacro : autoload off : VM system will not automatically reload global library macros
2018-11-30 15:24:34,992 - ResourceManager : found /templates/entity.java.vm with loader org.apache.velocity.runtime.resource.loader.ClasspathResourceLoader
2018-11-30 15:24:35,015 - ResourceManager : found /templates/mapper.java.vm with loader org.apache.velocity.runtime.resource.loader.ClasspathResourceLoader
2018-11-30 15:24:35,029 - ResourceManager : found /templates/mapper.xml.vm with loader org.apache.velocity.runtime.resource.loader.ClasspathResourceLoader
2018-11-30 15:24:35,040 - ResourceManager : found /templates/service.java.vm with loader org.apache.velocity.runtime.resource.loader.ClasspathResourceLoader
2018-11-30 15:24:35,056 - ResourceManager : found /templates/serviceImpl.java.vm with loader org.apache.velocity.runtime.resource.loader.ClasspathResourceLoader
2018-11-30 15:24:35,074 - ResourceManager : found /templates/controller.java.vm with loader org.apache.velocity.runtime.resource.loader.ClasspathResourceLoader
2018-11-30 15:24:35,108 - ResourceManager : found /templates/jsp_search_jsp.vm with loader org.apache.velocity.runtime.resource.loader.ClasspathResourceLoader
2018-11-30 15:24:35,109 - Null reference [template '/templates/jsp_search_jsp.vm', line 4, column 9] : ${ModuleName} cannot be resolved.
2018-11-30 15:24:35,109 - Null reference [template '/templates/jsp_search_jsp.vm', line 8, column 9] : ${ModuleName} cannot be resolved.
2018-11-30 15:24:35,109 - Null reference [template '/templates/jsp_search_jsp.vm', line 8, column 36] : ${ModuleName} cannot be resolved.
2018-11-30 15:24:35,109 - Null reference [template '/templates/jsp_search_jsp.vm', line 9, column 28] : ${ModuleName} cannot be resolved.
2018-11-30 15:24:35,110 - Null reference [template '/templates/jsp_search_jsp.vm', line 34, column 53] : ${ModuleName} cannot be resolved.
2018-11-30 15:24:35,110 - Null reference [template '/templates/jsp_search_jsp.vm', line 37, column 53] : ${ModuleName} cannot be resolved.
2018-11-30 15:24:35,110 - Null reference [template '/templates/jsp_search_jsp.vm', line 48, column 24] : ${ModuleName} cannot be resolved.
2018-11-30 15:24:35,110 - Null reference [template '/templates/jsp_search_jsp.vm', line 57, column 29] : ${ModuleName} cannot be resolved.
2018-11-30 15:24:35,110 - Null reference [template '/templates/jsp_search_jsp.vm', line 61, column 61] : ${ModuleName} cannot be resolved.
2018-11-30 15:24:35,110 - Null reference [template '/templates/jsp_search_jsp.vm', line 62, column 64] : ${ModuleName} cannot be resolved.
2018-11-30 15:24:35,110 - Null reference [template '/templates/jsp_search_jsp.vm', line 71, column 24] : ${ModuleName} cannot be resolved.
2018-11-30 15:24:35,110 - Null reference [template '/templates/jsp_search_jsp.vm', line 74, column 13] : ${ModuleName} cannot be resolved.
2018-11-30 15:24:35,111 - Null reference [template '/templates/jsp_search_jsp.vm', line 79, column 33] : ${ModuleName} cannot be resolved.
2018-11-30 15:24:35,111 - Null reference [template '/templates/jsp_search_jsp.vm', line 84, column 25] : ${ModuleName} cannot be resolved.
2018-11-30 15:24:35,111 - Null reference [template '/templates/jsp_search_jsp.vm', line 96, column 24] : ${ModuleName} cannot be resolved.
2018-11-30 15:24:35,111 - Null reference [template '/templates/jsp_search_jsp.vm', line 99, column 13] : ${ModuleName} cannot be resolved.
2018-11-30 15:24:35,111 - Null reference [template '/templates/jsp_search_jsp.vm', line 105, column 29] : ${ModuleName} cannot be resolved.
2018-11-30 15:24:35,111 - Null reference [template '/templates/jsp_search_jsp.vm', line 109, column 61] : ${ModuleName} cannot be resolved.
2018-11-30 15:24:35,111 - Null reference [template '/templates/jsp_search_jsp.vm', line 110, column 64] : ${ModuleName} cannot be resolved.
2018-11-30 15:24:35,111 - Null reference [template '/templates/jsp_search_jsp.vm', line 118, column 9] : ${ModuleName} cannot be resolved.
2018-11-30 15:24:35,111 - Null reference [template '/templates/jsp_search_jsp.vm', line 122, column 9] : ${ModuleName} cannot be resolved.
2018-11-30 15:24:35,111 - Null reference [template '/templates/jsp_search_jsp.vm', line 144, column 20] : ${ModuleName} cannot be resolved.
2018-11-30 15:24:35,111 - Null reference [template '/templates/jsp_search_jsp.vm', line 147, column 10] : ${ModuleName} cannot be resolved.
2018-11-30 15:24:35,111 - Null reference [template '/templates/jsp_search_jsp.vm', line 148, column 33] : ${ModuleName} cannot be resolved.
2018-11-30 15:34:48,344 - Log4JLogChute initialized using file 'velocity.log'
2018-11-30 15:34:48,345 - Initializing Velocity, Calling init()...
2018-11-30 15:34:48,345 - Starting Apache Velocity v1.7 (compiled: 2010-11-19 12:14:37)
2018-11-30 15:34:48,345 - Default Properties File: org\apache\velocity\runtime\defaults\velocity.properties
2018-11-30 15:34:48,345 - Trying to use logger class org.apache.velocity.runtime.log.AvalonLogChute
2018-11-30 15:34:48,345 - Target log system for org.apache.velocity.runtime.log.AvalonLogChute is not available (java.lang.NoClassDefFoundError: org/apache/log/format/Formatter).  Falling back to next log system...
2018-11-30 15:34:48,345 - Trying to use logger class org.apache.velocity.runtime.log.Log4JLogChute
2018-11-30 15:34:48,345 - Using logger class org.apache.velocity.runtime.log.Log4JLogChute
2018-11-30 15:34:48,348 - ResourceLoader instantiated: org.apache.velocity.runtime.resource.loader.ClasspathResourceLoader
2018-11-30 15:34:48,367 - ResourceCache: initialized (class org.apache.velocity.runtime.resource.ResourceCacheImpl) with class java.util.Collections$SynchronizedMap cache map.
2018-11-30 15:34:48,369 - Loaded System Directive: org.apache.velocity.runtime.directive.Stop
2018-11-30 15:34:48,370 - Loaded System Directive: org.apache.velocity.runtime.directive.Define
2018-11-30 15:34:48,371 - Loaded System Directive: org.apache.velocity.runtime.directive.Break
2018-11-30 15:34:48,372 - Loaded System Directive: org.apache.velocity.runtime.directive.Evaluate
2018-11-30 15:34:48,373 - Loaded System Directive: org.apache.velocity.runtime.directive.Literal
2018-11-30 15:34:48,375 - Loaded System Directive: org.apache.velocity.runtime.directive.Macro
2018-11-30 15:34:48,376 - Loaded System Directive: org.apache.velocity.runtime.directive.Parse
2018-11-30 15:34:48,378 - Loaded System Directive: org.apache.velocity.runtime.directive.Include
2018-11-30 15:34:48,379 - Loaded System Directive: org.apache.velocity.runtime.directive.Foreach
2018-11-30 15:34:48,405 - Created '20' parsers.
2018-11-30 15:34:48,410 - Velocimacro : "velocimacro.library" is not set.  Trying default library: VM_global_library.vm
2018-11-30 15:34:48,410 - Could not load resource 'VM_global_library.vm' from ResourceLoader org.apache.velocity.runtime.resource.loader.ClasspathResourceLoader: ClasspathResourceLoader Error: cannot find resource VM_global_library.vm
2018-11-30 15:34:48,410 - Velocimacro : Default library not found.
2018-11-30 15:34:48,410 - Velocimacro : allowInline = true : VMs can be defined inline in templates
2018-11-30 15:34:48,410 - Velocimacro : allowInlineToOverride = false : VMs defined inline may NOT replace previous VM definitions
2018-11-30 15:34:48,410 - Velocimacro : allowInlineLocal = false : VMs defined inline will be global in scope if allowed.
2018-11-30 15:34:48,410 - Velocimacro : autoload off : VM system will not automatically reload global library macros
2018-11-30 15:34:48,425 - ResourceManager : found /templates/entity.java.vm with loader org.apache.velocity.runtime.resource.loader.ClasspathResourceLoader
2018-11-30 15:34:48,440 - ResourceManager : found /templates/mapper.java.vm with loader org.apache.velocity.runtime.resource.loader.ClasspathResourceLoader
2018-11-30 15:34:48,444 - ResourceManager : found /templates/mapper.xml.vm with loader org.apache.velocity.runtime.resource.loader.ClasspathResourceLoader
2018-11-30 15:34:48,447 - ResourceManager : found /templates/service.java.vm with loader org.apache.velocity.runtime.resource.loader.ClasspathResourceLoader
2018-11-30 15:34:48,450 - ResourceManager : found /templates/serviceImpl.java.vm with loader org.apache.velocity.runtime.resource.loader.ClasspathResourceLoader
2018-11-30 15:34:48,454 - ResourceManager : found /templates/controller.java.vm with loader org.apache.velocity.runtime.resource.loader.ClasspathResourceLoader
2018-11-30 15:34:48,462 - ResourceManager : found /templates/jsp_search_jsp.vm with loader org.apache.velocity.runtime.resource.loader.ClasspathResourceLoader
